Microsoft HTML Help Compiler 4.74.8702

Compiling c:\Users\user\Desktop\Справка\СправкаГри.chm


Compile time: 0 minutes, 0 seconds
1	Topic
1	Local link
0	Internet links
0	Graphics


Created c:\Users\user\Desktop\Справка\СправкаГри.chm, 11,541 bytes
Compression increased file by 5,600 bytes.
Microsoft HTML Help Compiler 4.74.8702

Compiling c:\Users\user\Desktop\Справка\СправкаГри.chm


Compile time: 0 minutes, 0 seconds
1	Topic
1	Local link
0	Internet links
0	Graphics


Created c:\Users\user\Desktop\Справка\СправкаГри.chm, 11,541 bytes
Compression increased file by 5,601 bytes.
Microsoft HTML Help Compiler 4.74.8702

Compiling c:\Users\user\Desktop\Справка\СправкаГри.chm


Compile time: 0 minutes, 1 second
1	Topic
1	Local link
0	Internet links
0	Graphics


Created c:\Users\user\Desktop\Справка\СправкаГри.chm, 11,541 bytes
Compression increased file by 5,601 bytes.
